2024-10-05 22:43:34 - Error preparing statement: Unknown column 'descripcion' in 'field list'
2024-10-05 22:43:40 - Error preparing statement: Unknown column 'descripcion' in 'field list'
2024-10-05 22:45:50 - Error en la preparación de la consulta: Unknown column 'descripcion' in 'field list'
2024-10-05 22:46:03 - Error en la preparación de la consulta: Unknown column 'descripcion' in 'field list'
2024-10-05 22:47:14 - Error en la preparación de la consulta: Unknown column 'descripcion' in 'field list'
2024-10-05 22:51:59 - Error en la preparación de la consulta: Unknown column 'descripcion' in 'field list'
2024-10-05 22:57:03 - Error en la preparación de la consulta: Unknown column 'descripcion' in 'field list'
[2024-10-09 00:31:28] [INFO] Dashboard data fetched successfully for user: alez123123
[2024-10-09 00:31:58] [INFO] Dashboard data fetched successfully for user: alez123123
[2024-10-09 00:32:28] [INFO] Dashboard data fetched successfully for user: alez123123
[2024-10-09 00:32:58] [INFO] Dashboard data fetched successfully for user: alez123123
[2024-10-09 00:33:28] [INFO] Dashboard data fetched successfully for user: alez123123
[2024-10-09 00:33:58] [INFO] Dashboard data fetched successfully for user: alez123123
[2024-10-09 00:34:28] [INFO] Dashboard data fetched successfully for user: alez123123
[2024-10-09 00:34:58] [INFO] Dashboard data fetched successfully for user: alez123123
[2024-10-09 00:35:28] [INFO] Dashboard data fetched successfully for user: alez123123
[2024-10-09 00:35:58] [INFO] Dashboard data fetched successfully for user: alez123123
[2024-10-09 00:36:28] [INFO] Dashboard data fetched successfully for user: alez123123
[2024-10-09 00:36:58] [INFO] Dashboard data fetched successfully for user: alez123123
[2024-10-09 00:37:28] [INFO] Dashboard data fetched successfully for user: alez123123
[2024-10-09 00:37:58] [INFO] Dashboard data fetched successfully for user: alez123123
[2024-10-09 00:38:28] [INFO] Dashboard data fetched successfully for user: alez123123
[2024-10-09 00:38:54] [INFO] Dashboard data fetched successfully for user: alez123123
[2024-10-09 00:39:25] [INFO] Dashboard data fetched successfully for user: alez123123
[2024-10-09 00:39:55] [INFO] Dashboard data fetched successfully for user: alez123123
[2024-10-09 00:40:25] [INFO] Dashboard data fetched successfully for user: alez123123
[2024-10-09 00:40:45] [INFO] Dashboard data fetched successfully for user: alez123123
[2024-10-09 00:41:15] [INFO] Dashboard data fetched successfully for user: alez123123
[2024-10-09 00:41:29] [INFO] Dashboard data fetched successfully for user: alez123123
[2024-10-09 00:41:43] [INFO] Dashboard data fetched successfully for user: alez123123
[2024-10-09 00:42:13] [INFO] Dashboard data fetched successfully for user: alez123123
[2024-10-09 00:42:43] [INFO] Dashboard data fetched successfully for user: alez123123
[2024-10-09 00:43:13] [INFO] Dashboard data fetched successfully for user: alez123123
[2024-10-09 00:43:17] [INFO] Dashboard data fetched successfully for user: alez123123
[2024-10-09 00:43:44] [INFO] Dashboard data fetched successfully for user: alez123123
[2024-10-09 00:44:14] [INFO] Dashboard data fetched successfully for user: alez123123
[2024-10-09 00:44:44] [INFO] Dashboard data fetched successfully for user: alez123123
[2024-10-09 00:45:10] [INFO] Dashboard data fetched successfully for user: alez123123
[2024-10-09 00:45:14] [INFO] Dashboard data fetched successfully for user: alez123123
[2024-10-09 00:45:44] [INFO] Dashboard data fetched successfully for user: alez123123
[2024-10-09 00:46:14] [INFO] Dashboard data fetched successfully for user: alez123123
[2024-10-09 00:46:29] [INFO] Dashboard data fetched successfully for user: alez123123
[2024-10-09 00:46:59] [INFO] Dashboard data fetched successfully for user: alez123123
[2024-10-09 00:47:29] [INFO] Dashboard data fetched successfully for user: alez123123
[2024-10-09 00:47:59] [INFO] Dashboard data fetched successfully for user: alez123123
[2024-10-09 00:48:29] [INFO] Dashboard data fetched successfully for user: alez123123
[2024-10-09 00:48:59] [INFO] Dashboard data fetched successfully for user: alez123123
[2024-10-09 00:49:29] [INFO] Dashboard data fetched successfully for user: alez123123
[2024-10-09 00:49:59] [INFO] Dashboard data fetched successfully for user: alez123123
[2024-10-09 00:50:17] [INFO] Dashboard data fetched successfully for user: alez123123
[2024-10-09 00:53:30] [INFO] Dashboard data fetched successfully for user: alez123123
[2024-10-09 00:53:30] [INFO] Dashboard data fetched successfully for user: alez123123
[2024-10-09 00:54:00] [INFO] Dashboard data fetched successfully for user: alez123123
[2024-10-09 00:54:17] [INFO] Dashboard data fetched successfully for user: alez123123
[2024-10-09 00:54:41] [INFO] Dashboard data fetched successfully for user: alez123123
[2024-10-09 00:54:50] [INFO] Dashboard data fetched successfully for user: alez123123
[2024-10-09 00:55:20] [INFO] Dashboard data fetched successfully for user: alez123123
[2024-10-09 00:55:26] [INFO] Dashboard data fetched successfully for user: alez123123
[2024-10-09 00:55:48] [INFO] Dashboard data fetched successfully for user: alez123123
[2024-10-09 00:56:18] [INFO] Dashboard data fetched successfully for user: alez123123
[2024-10-09 00:56:48] [INFO] Dashboard data fetched successfully for user: alez123123
[2024-10-09 00:57:18] [INFO] Dashboard data fetched successfully for user: alez123123
[2024-10-09 00:57:48] [INFO] Dashboard data fetched successfully for user: alez123123
[2024-10-09 00:58:02] [INFO] Dashboard data fetched successfully for user: alez123123
[2024-10-09 00:58:31] [INFO] Dashboard data fetched successfully for user: alez123123
[2024-10-09 00:59:01] [INFO] Dashboard data fetched successfully for user: alez123123
[2024-10-09 00:59:32] [INFO] Dashboard data fetched successfully for user: alez123123
[2024-10-09 01:00:02] [INFO] Dashboard data fetched successfully for user: alez123123
[2024-10-09 01:00:32] [INFO] Dashboard data fetched successfully for user: alez123123
[2024-10-09 01:01:02] [INFO] Dashboard data fetched successfully for user: alez123123
[2024-10-09 01:01:32] [INFO] Dashboard data fetched successfully for user: alez123123
[2024-10-09 01:02:02] [INFO] Dashboard data fetched successfully for user: alez123123
[2024-10-09 01:02:19] [INFO] Dashboard data fetched successfully for user: alez123123
[2024-10-09 01:02:49] [INFO] Dashboard data fetched successfully for user: alez123123
[2024-10-09 01:02:53] [INFO] Dashboard data fetched successfully for user: alez123123
[2024-10-09 01:03:23] [INFO] Dashboard data fetched successfully for user: alez123123
[2024-10-09 01:03:53] [INFO] Dashboard data fetched successfully for user: alez123123
[2024-10-09 01:04:23] [INFO] Dashboard data fetched successfully for user: alez123123
[2024-10-09 01:04:53] [INFO] Dashboard data fetched successfully for user: alez123123
[2024-10-09 01:05:23] [INFO] Dashboard data fetched successfully for user: alez123123
[2024-10-09 01:05:31] [INFO] Dashboard data fetched successfully for user: alez123123
[2024-10-09 01:06:01] [INFO] Dashboard data fetched successfully for user: alez123123
[2024-10-09 01:06:31] [INFO] Dashboard data fetched successfully for user: alez123123
[2024-10-09 01:07:01] [INFO] Dashboard data fetched successfully for user: alez123123
[2024-10-09 01:07:31] [INFO] Dashboard data fetched successfully for user: alez123123
[2024-10-09 01:08:01] [INFO] Dashboard data fetched successfully for user: alez123123
[2024-10-09 01:08:31] [INFO] Dashboard data fetched successfully for user: alez123123
[2024-10-09 01:09:01] [INFO] Dashboard data fetched successfully for user: alez123123
[2024-10-09 01:09:31] [INFO] Dashboard data fetched successfully for user: alez123123
[2024-10-09 01:10:01] [INFO] Dashboard data fetched successfully for user: alez123123
[2024-10-09 01:10:07] [INFO] Dashboard data fetched successfully for user: alez123123
[2024-10-09 01:10:37] [INFO] Dashboard data fetched successfully for user: alez123123
[2024-10-09 01:11:07] [INFO] Dashboard data fetched successfully for user: alez123123
[2024-10-09 01:11:37] [INFO] Dashboard data fetched successfully for user: alez123123
[2024-10-09 01:12:07] [INFO] Dashboard data fetched successfully for user: alez123123
[2024-10-09 01:12:37] [INFO] Dashboard data fetched successfully for user: alez123123
[2024-10-09 01:13:07] [INFO] Dashboard data fetched successfully for user: alez123123
[2024-10-09 01:13:37] [INFO] Dashboard data fetched successfully for user: alez123123
[2024-10-09 01:13:44] [INFO] Dashboard data fetched successfully for user: alez123123
[2024-10-09 01:14:14] [INFO] Dashboard data fetched successfully for user: alez123123
[2024-10-09 01:14:44] [INFO] Dashboard data fetched successfully for user: alez123123
[2024-10-09 01:15:02] [INFO] Dashboard data fetched successfully for user: alez123123
[2024-10-09 01:15:32] [INFO] Dashboard data fetched successfully for user: alez123123
[2024-10-09 01:15:57] [INFO] Dashboard data fetched successfully for user: alez123123
[2024-10-09 01:16:27] [INFO] Dashboard data fetched successfully for user: alez123123
[2024-10-09 01:16:44] [INFO] Dashboard data fetched successfully for user: alez123123
[2024-10-09 01:17:14] [INFO] Dashboard data fetched successfully for user: alez123123
[2024-10-09 01:17:44] [INFO] Dashboard data fetched successfully for user: alez123123
[2024-10-09 01:18:04] [INFO] Dashboard data fetched successfully for user: alez123123
[2024-10-09 01:18:34] [INFO] Dashboard data fetched successfully for user: alez123123
[2024-10-09 01:19:04] [INFO] Dashboard data fetched successfully for user: alez123123
[2024-10-09 01:19:21] [INFO] Dashboard data fetched successfully for user: alez123123
[2024-10-09 01:19:43] [INFO] Dashboard data fetched successfully for user: alez123123
[2024-10-09 01:20:12] [INFO] Dashboard data fetched successfully for user: alez123123
[2024-10-09 01:20:32] [INFO] Dashboard data fetched successfully for user: alez123123
[2024-10-09 01:21:02] [INFO] Dashboard data fetched successfully for user: alez123123
[2024-10-09 01:21:32] [INFO] Dashboard data fetched successfully for user: alez123123
[2024-10-09 01:21:59] [INFO] Dashboard data fetched successfully for user: alez123123
[2024-10-09 01:22:29] [INFO] Dashboard data fetched successfully for user: alez123123
[2024-10-09 01:22:34] [INFO] Dashboard data fetched successfully for user: alez123123
[2024-10-09 01:23:03] [INFO] Dashboard data fetched successfully for user: alez123123
[2024-10-09 01:23:33] [INFO] Dashboard data fetched successfully for user: alez123123
[2024-10-09 01:24:04] [INFO] Dashboard data fetched successfully for user: alez123123
[2024-10-09 01:24:34] [INFO] Dashboard data fetched successfully for user: alez123123
[2024-10-09 01:25:04] [INFO] Dashboard data fetched successfully for user: alez123123
[2024-10-09 01:25:34] [INFO] Dashboard data fetched successfully for user: alez123123
[2024-10-09 01:26:04] [INFO] Dashboard data fetched successfully for user: alez123123
[2024-10-09 01:26:34] [INFO] Dashboard data fetched successfully for user: alez123123
[2024-10-09 01:27:04] [INFO] Dashboard data fetched successfully for user: alez123123
[2024-10-09 01:27:34] [INFO] Dashboard data fetched successfully for user: alez123123
[2024-10-09 01:28:04] [INFO] Dashboard data fetched successfully for user: alez123123
[2024-10-09 01:28:34] [INFO] Dashboard data fetched successfully for user: alez123123
[2024-10-09 01:29:04] [INFO] Dashboard data fetched successfully for user: alez123123
[2024-10-09 01:29:34] [INFO] Dashboard data fetched successfully for user: alez123123
[2024-10-09 01:30:04] [INFO] Dashboard data fetched successfully for user: alez123123
[2024-10-09 01:30:34] [INFO] Dashboard data fetched successfully for user: alez123123
[2024-10-09 01:31:04] [INFO] Dashboard data fetched successfully for user: alez123123
[2024-10-09 01:31:34] [INFO] Dashboard data fetched successfully for user: alez123123
[2024-10-09 01:32:04] [INFO] Dashboard data fetched successfully for user: alez123123
[2024-10-09 01:32:34] [INFO] Dashboard data fetched successfully for user: alez123123
[2024-10-09 01:33:04] [INFO] Dashboard data fetched successfully for user: alez123123
[2024-10-09 01:33:34] [INFO] Dashboard data fetched successfully for user: alez123123
[2024-10-09 01:33:50] [INFO] Dashboard data fetched successfully for user: alez123123
[2024-10-09 01:33:55] [INFO] Dashboard data fetched successfully for user: alez123123
[2024-10-09 01:34:25] [INFO] Dashboard data fetched successfully for user: alez123123
[2024-10-09 01:34:55] [INFO] Dashboard data fetched successfully for user: alez123123
[2024-10-09 01:35:25] [INFO] Dashboard data fetched successfully for user: alez123123
[2024-10-09 01:35:55] [INFO] Dashboard data fetched successfully for user: alez123123
[2024-10-09 01:36:16] [INFO] Dashboard data fetched successfully for user: alez123123
[2024-10-09 01:36:22] [INFO] Dashboard data fetched successfully for user: alez123123
[2024-10-09 01:36:46] [INFO] Dashboard data fetched successfully for user: alez123123
[2024-10-09 01:37:16] [INFO] Dashboard data fetched successfully for user: alez123123
[2024-10-09 01:37:46] [INFO] Dashboard data fetched successfully for user: alez123123
[2024-10-09 01:38:16] [INFO] Dashboard data fetched successfully for user: alez123123
[2024-10-09 01:38:46] [INFO] Dashboard data fetched successfully for user: alez123123
[2024-10-09 01:39:16] [INFO] Dashboard data fetched successfully for user: alez123123
[2024-10-09 01:39:46] [INFO] Dashboard data fetched successfully for user: alez123123
[2024-10-09 01:40:16] [INFO] Dashboard data fetched successfully for user: alez123123
[2024-10-09 01:40:46] [INFO] Dashboard data fetched successfully for user: alez123123
[2024-10-09 01:41:16] [INFO] Dashboard data fetched successfully for user: alez123123
[2024-10-09 01:41:46] [INFO] Dashboard data fetched successfully for user: alez123123
[2024-10-09 01:42:13] [INFO] Dashboard data fetched successfully for user: alez123123
[2024-10-09 01:42:44] [INFO] Dashboard data fetched successfully for user: alez123123
[2024-10-09 01:43:15] [INFO] Dashboard data fetched successfully for user: alez123123
[2024-10-09 01:43:45] [INFO] Dashboard data fetched successfully for user: alez123123
[2024-10-09 01:44:06] [INFO] Dashboard data fetched successfully for user: alez123123
[2024-10-09 01:44:36] [INFO] Dashboard data fetched successfully for user: alez123123
[2024-10-09 01:45:06] [INFO] Dashboard data fetched successfully for user: alez123123
[2024-10-09 01:45:29] [INFO] Dashboard data fetched successfully for user: alez123123
[2024-10-09 01:45:59] [INFO] Dashboard data fetched successfully for user: alez123123
[2024-10-09 01:46:29] [INFO] Dashboard data fetched successfully for user: alez123123
[2024-10-09 01:46:59] [INFO] Dashboard data fetched successfully for user: alez123123
[2024-10-09 01:47:29] [INFO] Dashboard data fetched successfully for user: alez123123
[2024-10-09 01:47:49] [INFO] Dashboard data fetched successfully for user: alez123123
[2024-10-09 01:48:18] [INFO] Dashboard data fetched successfully for user: alez123123
[2024-10-09 01:48:24] [INFO] Dashboard data fetched successfully for user: alez123123
[2024-10-09 01:48:26] [INFO] Dashboard data fetched successfully for user: alez123123
[2024-10-09 01:48:36] [INFO] Dashboard data fetched successfully for user: alez123123
[2024-10-09 01:48:40] [INFO] Dashboard data fetched successfully for user: alez123123
[2024-10-09 01:49:06] [INFO] Dashboard data fetched successfully for user: alez123123
[2024-10-09 01:49:18] [INFO] Dashboard data fetched successfully for user: alez123123
[2024-10-09 01:49:20] [INFO] Dashboard data fetched successfully for user: alez123123
[2024-10-09 01:49:22] [INFO] Dashboard data fetched successfully for user: alez123123
[2024-10-09 01:49:49] [INFO] Dashboard data fetched successfully for user: alez123123
[2024-10-09 01:50:19] [INFO] Dashboard data fetched successfully for user: alez123123
[2024-10-09 01:50:49] [INFO] Dashboard data fetched successfully for user: alez123123
[2024-10-09 01:51:19] [INFO] Dashboard data fetched successfully for user: alez123123
[2024-10-09 01:51:49] [INFO] Dashboard data fetched successfully for user: alez123123
[2024-10-09 01:52:19] [INFO] Dashboard data fetched successfully for user: alez123123
[2024-10-09 01:52:49] [INFO] Dashboard data fetched successfully for user: alez123123
[2024-10-09 01:53:19] [INFO] Dashboard data fetched successfully for user: alez123123
[2024-10-09 01:53:49] [INFO] Dashboard data fetched successfully for user: alez123123
[2024-10-09 01:54:19] [INFO] Dashboard data fetched successfully for user: alez123123
[2024-10-09 01:54:49] [INFO] Dashboard data fetched successfully for user: alez123123
[2024-10-09 01:55:19] [INFO] Dashboard data fetched successfully for user: alez123123
[2024-10-09 01:55:49] [INFO] Dashboard data fetched successfully for user: alez123123
[2024-10-09 01:56:19] [INFO] Dashboard data fetched successfully for user: alez123123
[2024-10-09 01:56:49] [INFO] Dashboard data fetched successfully for user: alez123123
[2024-10-09 01:57:19] [INFO] Dashboard data fetched successfully for user: alez123123
[2024-10-09 01:57:49] [INFO] Dashboard data fetched successfully for user: alez123123
[2024-10-09 01:58:19] [INFO] Dashboard data fetched successfully for user: alez123123
[2024-10-09 01:58:49] [INFO] Dashboard data fetched successfully for user: alez123123
[2024-10-09 01:59:19] [INFO] Dashboard data fetched successfully for user: alez123123
[2024-10-09 01:59:49] [INFO] Dashboard data fetched successfully for user: alez123123
[2024-10-09 02:00:19] [INFO] Dashboard data fetched successfully for user: alez123123
[2024-10-09 02:00:49] [INFO] Dashboard data fetched successfully for user: alez123123
[2024-10-09 02:01:19] [INFO] Dashboard data fetched successfully for user: alez123123
[2024-10-09 02:01:49] [INFO] Dashboard data fetched successfully for user: alez123123
[2024-10-09 02:02:19] [INFO] Dashboard data fetched successfully for user: alez123123
[2024-10-09 02:02:49] [INFO] Dashboard data fetched successfully for user: alez123123
[2024-10-09 02:03:19] [INFO] Dashboard data fetched successfully for user: alez123123
[2024-10-09 02:03:49] [INFO] Dashboard data fetched successfully for user: alez123123
[2024-10-09 02:04:19] [INFO] Dashboard data fetched successfully for user: alez123123
[2024-10-09 02:04:49] [INFO] Dashboard data fetched successfully for user: alez123123
[2024-10-09 02:05:19] [INFO] Dashboard data fetched successfully for user: alez123123
[2024-10-09 02:05:49] [INFO] Dashboard data fetched successfully for user: alez123123
[2024-10-09 02:05:54] [INFO] Dashboard data fetched successfully for user: alez123123
[2024-10-09 02:06:08] [INFO] Dashboard data fetched successfully for user: alez123123
[2024-10-09 02:06:40] [INFO] Dashboard data fetched successfully for user: alez123123
[2024-10-09 02:07:10] [INFO] Dashboard data fetched successfully for user: alez123123
[2024-10-09 02:07:40] [INFO] Dashboard data fetched successfully for user: alez123123
[2024-10-09 02:08:10] [INFO] Dashboard data fetched successfully for user: alez123123
[2024-10-09 02:08:34] [INFO] Dashboard data fetched successfully for user: alez123123
[2024-10-09 02:09:04] [INFO] Dashboard data fetched successfully for user: alez123123
[2024-10-09 02:09:32] [INFO] Dashboard data fetched successfully for user: alez123123
[2024-10-09 02:10:02] [INFO] Dashboard data fetched successfully for user: alez123123
[2024-10-09 02:10:32] [INFO] Dashboard data fetched successfully for user: alez123123
[2024-10-09 02:11:02] [INFO] Dashboard data fetched successfully for user: alez123123
[2024-10-09 02:11:32] [INFO] Dashboard data fetched successfully for user: alez123123
[2024-10-09 02:12:02] [INFO] Dashboard data fetched successfully for user: alez123123
[2024-10-09 02:12:32] [INFO] Dashboard data fetched successfully for user: alez123123
[2024-10-09 02:13:02] [INFO] Dashboard data fetched successfully for user: alez123123
[2024-10-09 02:13:32] [INFO] Dashboard data fetched successfully for user: alez123123
[2024-10-09 02:14:02] [INFO] Dashboard data fetched successfully for user: alez123123
[2024-10-09 02:14:32] [INFO] Dashboard data fetched successfully for user: alez123123
[2024-10-09 02:15:02] [INFO] Dashboard data fetched successfully for user: alez123123
[2024-10-09 02:15:32] [INFO] Dashboard data fetched successfully for user: alez123123
[2024-10-09 02:16:02] [INFO] Dashboard data fetched successfully for user: alez123123
[2024-10-09 02:16:33] [INFO] Dashboard data fetched successfully for user: alez123123
[2024-10-09 02:17:02] [INFO] Dashboard data fetched successfully for user: alez123123
[2024-10-09 02:17:33] [INFO] Dashboard data fetched successfully for user: alez123123
[2024-10-09 02:18:03] [INFO] Dashboard data fetched successfully for user: alez123123
[2024-10-09 02:18:33] [INFO] Dashboard data fetched successfully for user: alez123123
[2024-10-09 02:19:03] [INFO] Dashboard data fetched successfully for user: alez123123
[2024-10-09 02:19:33] [INFO] Dashboard data fetched successfully for user: alez123123
[2024-10-09 02:20:03] [INFO] Dashboard data fetched successfully for user: alez123123
[2024-10-09 02:20:33] [INFO] Dashboard data fetched successfully for user: alez123123
[2024-10-09 02:21:03] [INFO] Dashboard data fetched successfully for user: alez123123
[2024-10-09 02:21:33] [INFO] Dashboard data fetched successfully for user: alez123123
[2024-10-09 02:22:04] [INFO] Dashboard data fetched successfully for user: alez123123
[2024-10-09 02:22:34] [INFO] Dashboard data fetched successfully for user: alez123123
[2024-10-09 02:23:04] [INFO] Dashboard data fetched successfully for user: alez123123
[2024-10-09 02:23:34] [INFO] Dashboard data fetched successfully for user: alez123123
[2024-10-09 02:24:04] [INFO] Dashboard data fetched successfully for user: alez123123
[2024-10-09 02:24:34] [INFO] Dashboard data fetched successfully for user: alez123123
[2024-10-09 02:25:04] [INFO] Dashboard data fetched successfully for user: alez123123
[2024-10-09 02:25:34] [INFO] Dashboard data fetched successfully for user: alez123123
[2024-10-09 02:26:04] [INFO] Dashboard data fetched successfully for user: alez123123
[2024-10-09 02:26:34] [INFO] Dashboard data fetched successfully for user: alez123123
[2024-10-09 02:27:04] [INFO] Dashboard data fetched successfully for user: alez123123
[2024-10-09 02:27:34] [INFO] Dashboard data fetched successfully for user: alez123123
[2024-10-09 02:28:04] [INFO] Dashboard data fetched successfully for user: alez123123
[2024-10-09 02:28:34] [INFO] Dashboard data fetched successfully for user: alez123123
[2024-10-09 02:28:55] [INFO] Dashboard data fetched successfully for user: alez123123
[2024-10-09 02:29:25] [INFO] Dashboard data fetched successfully for user: alez123123
[2024-10-09 02:29:55] [INFO] Dashboard data fetched successfully for user: alez123123
[2024-10-09 02:30:25] [INFO] Dashboard data fetched successfully for user: alez123123
[2024-10-09 02:30:55] [INFO] Dashboard data fetched successfully for user: alez123123
[2024-10-09 02:31:25] [INFO] Dashboard data fetched successfully for user: alez123123
[2024-10-09 02:31:28] [INFO] Dashboard data fetched successfully for user: alez123123
[2024-10-09 02:31:58] [INFO] Dashboard data fetched successfully for user: alez123123
[2024-10-09 02:32:28] [INFO] Dashboard data fetched successfully for user: alez123123
[2024-10-09 02:32:39] [INFO] Dashboard data fetched successfully for user: alez123123
[2024-10-09 02:33:09] [INFO] Dashboard data fetched successfully for user: alez123123
[2024-10-09 02:33:39] [INFO] Dashboard data fetched successfully for user: alez123123
[2024-10-09 02:34:09] [INFO] Dashboard data fetched successfully for user: alez123123
[2024-10-09 02:34:39] [INFO] Dashboard data fetched successfully for user: alez123123
[2024-10-09 02:35:10] [INFO] Dashboard data fetched successfully for user: alez123123
[2024-10-09 02:35:39] [INFO] Dashboard data fetched successfully for user: alez123123
[2024-10-09 02:36:10] [INFO] Dashboard data fetched successfully for user: alez123123
[2024-10-09 02:36:40] [INFO] Dashboard data fetched successfully for user: alez123123
[2024-10-09 02:37:10] [INFO] Dashboard data fetched successfully for user: alez123123
[2024-10-09 02:37:40] [INFO] Dashboard data fetched successfully for user: alez123123
[2024-10-09 02:38:10] [INFO] Dashboard data fetched successfully for user: alez123123
[2024-10-09 02:38:40] [INFO] Dashboard data fetched successfully for user: alez123123
[2024-10-09 02:38:47] [INFO] Dashboard data fetched successfully for user: alez123123
[2024-10-09 02:39:06] [INFO] Dashboard data fetched successfully for user: alez123123
[2024-10-09 02:39:26] [INFO] Dashboard data fetched successfully for user: alez123123
[2024-10-09 02:47:23] [INFO] Dashboard data fetched successfully for user: alez123123
[2024-10-09 02:47:53] [INFO] Dashboard data fetched successfully for user: alez123123
[2024-10-09 02:48:23] [INFO] Dashboard data fetched successfully for user: alez123123
[2024-10-09 02:48:26] [INFO] Dashboard data fetched successfully for user: alez123123
[2024-10-09 02:48:35] [INFO] Dashboard data fetched successfully for user: alez123123
[2024-10-09 02:48:43] [INFO] Dashboard data fetched successfully for user: alez123123
[2024-10-09 02:49:09] [INFO] Dashboard data fetched successfully for user: alez123123
[2024-10-09 02:49:17] [INFO] Dashboard data fetched successfully for user: alez123123
[2024-10-09 02:49:29] [INFO] Dashboard data fetched successfully for user: alez123123
[2024-10-09 02:49:39] [INFO] Dashboard data fetched successfully for user: alez123123
[2024-10-09 02:49:51] [INFO] Dashboard data fetched successfully for user: alez123123
[2024-10-09 02:50:20] [INFO] Dashboard data fetched successfully for user: alez123123
[2024-10-09 02:50:21] [INFO] Dashboard data fetched successfully for user: alez123123
[2024-10-09 02:50:23] [INFO] Dashboard data fetched successfully for user: alez123123
[2024-10-09 02:50:45] [INFO] Dashboard data fetched successfully for user: alez123123
[2024-10-09 02:51:16] [INFO] Dashboard data fetched successfully for user: alez123123
[2024-10-09 02:51:46] [INFO] Dashboard data fetched successfully for user: alez123123
[2024-10-09 02:51:47] [INFO] Dashboard data fetched successfully for user: alez123123
[2024-10-09 02:52:17] [INFO] Dashboard data fetched successfully for user: alez123123
[2024-10-09 02:52:47] [INFO] Dashboard data fetched successfully for user: alez123123
[2024-10-09 02:53:17] [INFO] Dashboard data fetched successfully for user: alez123123
[2024-10-09 02:53:39] [INFO] Dashboard data fetched successfully for user: alez123123
[2024-10-09 02:54:09] [INFO] Dashboard data fetched successfully for user: alez123123
[2024-10-09 02:54:39] [INFO] Dashboard data fetched successfully for user: alez123123
[2024-10-09 02:55:09] [INFO] Dashboard data fetched successfully for user: alez123123
[2024-10-09 02:55:39] [INFO] Dashboard data fetched successfully for user: alez123123
[2024-10-09 02:56:09] [INFO] Dashboard data fetched successfully for user: alez123123
[2024-10-09 02:56:39] [INFO] Dashboard data fetched successfully for user: alez123123
[2024-10-09 02:57:09] [INFO] Dashboard data fetched successfully for user: alez123123
[2024-10-09 02:57:39] [INFO] Dashboard data fetched successfully for user: alez123123
[2024-10-09 02:58:09] [INFO] Dashboard data fetched successfully for user: alez123123
[2024-10-09 02:58:39] [INFO] Dashboard data fetched successfully for user: alez123123
[2024-10-09 02:59:09] [INFO] Dashboard data fetched successfully for user: alez123123
[2024-10-09 02:59:39] [INFO] Dashboard data fetched successfully for user: alez123123
[2024-10-09 03:00:02] [INFO] Dashboard data fetched successfully for user: alez123123
[2024-10-09 03:00:32] [INFO] Dashboard data fetched successfully for user: alez123123
[2024-10-09 03:01:03] [INFO] Dashboard data fetched successfully for user: alez123123
[2024-10-09 03:01:32] [INFO] Dashboard data fetched successfully for user: alez123123
[2024-10-09 03:02:02] [INFO] Dashboard data fetched successfully for user: alez123123
[2024-10-09 03:02:17] [INFO] Dashboard data fetched successfully for user: alez123123
[2024-10-09 03:02:47] [INFO] Dashboard data fetched successfully for user: alez123123
[2024-10-09 03:03:17] [INFO] Dashboard data fetched successfully for user: alez123123
[2024-10-09 03:03:47] [INFO] Dashboard data fetched successfully for user: alez123123
[2024-10-09 03:04:17] [INFO] Dashboard data fetched successfully for user: alez123123
[2024-10-09 03:04:47] [INFO] Dashboard data fetched successfully for user: alez123123
[2024-10-09 03:05:17] [INFO] Dashboard data fetched successfully for user: alez123123
[2024-10-09 03:05:47] [INFO] Dashboard data fetched successfully for user: alez123123
[2024-10-09 03:06:17] [INFO] Dashboard data fetched successfully for user: alez123123
[2024-10-09 03:06:48] [INFO] Dashboard data fetched successfully for user: alez123123
[2024-10-09 03:07:18] [INFO] Dashboard data fetched successfully for user: alez123123
[2024-10-09 03:07:48] [INFO] Dashboard data fetched successfully for user: alez123123
[2024-10-09 03:08:18] [INFO] Dashboard data fetched successfully for user: alez123123
[2024-10-09 03:08:20] [INFO] Dashboard data fetched successfully for user: alez123123
[2024-10-09 03:08:49] [INFO] Dashboard data fetched successfully for user: alez123123
[2024-10-09 03:09:19] [INFO] Dashboard data fetched successfully for user: alez123123
[2024-10-09 03:09:49] [INFO] Dashboard data fetched successfully for user: alez123123
[2024-10-09 03:11:37] [INFO] Dashboard data fetched successfully for user: alez123123
[2024-10-09 03:12:06] [INFO] Dashboard data fetched successfully for user: alez123123
[2024-10-09 03:12:37] [INFO] Dashboard data fetched successfully for user: alez123123
[2024-10-09 03:13:07] [INFO] Dashboard data fetched successfully for user: alez123123
[2024-10-09 03:13:37] [INFO] Dashboard data fetched successfully for user: alez123123
[2024-10-09 03:14:07] [INFO] Dashboard data fetched successfully for user: alez123123
[2024-10-09 03:14:37] [INFO] Dashboard data fetched successfully for user: alez123123
[2024-10-09 03:15:07] [INFO] Dashboard data fetched successfully for user: alez123123
[2024-10-09 03:15:37] [INFO] Dashboard data fetched successfully for user: alez123123
[2024-10-09 03:16:07] [INFO] Dashboard data fetched successfully for user: alez123123
[2024-10-09 03:16:37] [INFO] Dashboard data fetched successfully for user: alez123123
[2024-10-09 03:17:07] [INFO] Dashboard data fetched successfully for user: alez123123
[2024-10-09 03:17:37] [INFO] Dashboard data fetched successfully for user: alez123123
[2024-10-09 03:18:07] [INFO] Dashboard data fetched successfully for user: alez123123
[2024-10-09 03:18:37] [INFO] Dashboard data fetched successfully for user: alez123123
[2024-10-09 03:19:07] [INFO] Dashboard data fetched successfully for user: alez123123
[2024-10-09 03:19:37] [INFO] Dashboard data fetched successfully for user: alez123123
[2024-10-09 03:20:07] [INFO] Dashboard data fetched successfully for user: alez123123
[2024-10-09 03:20:37] [INFO] Dashboard data fetched successfully for user: alez123123
[2024-10-09 03:20:48] [INFO] Dashboard data fetched successfully for user: alez123123
[2024-10-09 03:21:17] [INFO] Dashboard data fetched successfully for user: alez123123
[2024-10-09 03:21:47] [INFO] Dashboard data fetched successfully for user: alez123123
[2024-10-09 03:22:17] [INFO] Dashboard data fetched successfully for user: alez123123
[2024-10-09 03:22:47] [INFO] Dashboard data fetched successfully for user: alez123123
[2024-10-09 03:23:01] [INFO] Dashboard data fetched successfully for user: alez123123
[2024-10-09 03:23:31] [INFO] Dashboard data fetched successfully for user: alez123123
[2024-10-09 03:24:01] [INFO] Dashboard data fetched successfully for user: alez123123
[2024-10-09 03:24:31] [INFO] Dashboard data fetched successfully for user: alez123123
[2024-10-09 03:25:01] [INFO] Dashboard data fetched successfully for user: alez123123
[2024-10-09 03:25:31] [INFO] Dashboard data fetched successfully for user: alez123123
[2024-10-09 03:26:01] [INFO] Dashboard data fetched successfully for user: alez123123
[2024-10-09 03:26:32] [INFO] Dashboard data fetched successfully for user: alez123123
[2024-10-09 03:27:02] [INFO] Dashboard data fetched successfully for user: alez123123
[2024-10-09 03:27:32] [INFO] Dashboard data fetched successfully for user: alez123123
[2024-10-09 03:28:02] [INFO] Dashboard data fetched successfully for user: alez123123
[2024-10-09 03:28:32] [INFO] Dashboard data fetched successfully for user: alez123123
[2024-10-09 03:29:02] [INFO] Dashboard data fetched successfully for user: alez123123
[2024-10-09 03:29:13] [INFO] Dashboard data fetched successfully for user: alez123123
[2024-10-09 03:29:13] [INFO] Dashboard data fetched successfully for user: alez123123
[2024-10-09 03:29:43] [INFO] Dashboard data fetched successfully for user: alez123123
[2024-10-09 03:29:43] [INFO] Dashboard data fetched successfully for user: alez123123
[2024-10-09 03:29:56] [INFO] Dashboard data fetched successfully for user: alez123123
[2024-10-09 03:29:56] [INFO] Dashboard data fetched successfully for user: alez123123
[2024-10-09 03:30:26] [INFO] Dashboard data fetched successfully for user: alez123123
[2024-10-09 03:30:26] [INFO] Dashboard data fetched successfully for user: alez123123
[2024-10-09 03:30:29] [INFO] Dashboard data fetched successfully for user: alez123123
[2024-10-09 03:30:29] [INFO] Dashboard data fetched successfully for user: alez123123
[2024-10-09 03:30:59] [INFO] Dashboard data fetched successfully for user: alez123123
[2024-10-09 03:30:59] [INFO] Dashboard data fetched successfully for user: alez123123
[2024-10-09 03:31:02] [INFO] Dashboard data fetched successfully for user: alez123123
[2024-10-09 03:31:02] [INFO] Dashboard data fetched successfully for user: alez123123
[2024-10-09 03:31:32] [INFO] Dashboard data fetched successfully for user: alez123123
[2024-10-09 03:31:32] [INFO] Dashboard data fetched successfully for user: alez123123
[2024-10-09 03:33:30] [INFO] Dashboard data fetched successfully for user: alez123123
[2024-10-09 03:33:30] [INFO] Dashboard data fetched successfully for user: alez123123
[2024-10-09 03:33:31] [INFO] Dashboard data fetched successfully for user: alez123123
[2024-10-09 03:33:31] [INFO] Dashboard data fetched successfully for user: alez123123
[2024-10-09 03:33:36] [INFO] Dashboard data fetched successfully for user: alez123123
[2024-10-09 03:33:36] [INFO] Dashboard data fetched successfully for user: alez123123
[2024-10-09 03:33:45] [INFO] Dashboard data fetched successfully for user: alez123123
[2024-10-09 03:34:07] [INFO] Dashboard data fetched successfully for user: alez123123
[2024-10-09 03:34:07] [INFO] Dashboard data fetched successfully for user: alez123123
[2024-10-09 03:34:37] [INFO] Dashboard data fetched successfully for user: alez123123
[2024-10-09 03:34:37] [INFO] Dashboard data fetched successfully for user: alez123123
[2024-10-09 03:35:07] [INFO] Dashboard data fetched successfully for user: alez123123
[2024-10-09 03:35:07] [INFO] Dashboard data fetched successfully for user: alez123123
[2024-10-09 03:35:32] [INFO] Dashboard data fetched successfully for user: alez123123
[2024-10-09 03:35:32] [INFO] Dashboard data fetched successfully for user: alez123123
[2024-10-09 03:35:43] [INFO] Dashboard data fetched successfully for user: alez123123
[2024-10-09 03:35:43] [INFO] Dashboard data fetched successfully for user: alez123123
[2024-10-09 03:35:47] [INFO] Dashboard data fetched successfully for user: alez123123
[2024-10-09 03:35:47] [INFO] Dashboard data fetched successfully for user: alez123123
[2024-10-09 03:36:17] [INFO] Dashboard data fetched successfully for user: alez123123
[2024-10-09 03:36:17] [INFO] Dashboard data fetched successfully for user: alez123123
[2024-10-09 03:36:33] [INFO] Dashboard data fetched successfully for user: alez123123
[2024-10-09 03:36:33] [INFO] Dashboard data fetched successfully for user: alez123123
[2024-10-09 03:37:03] [INFO] Dashboard data fetched successfully for user: alez123123
[2024-10-09 03:37:03] [INFO] Dashboard data fetched successfully for user: alez123123
[2024-10-09 03:37:34] [INFO] Dashboard data fetched successfully for user: alez123123
[2024-10-09 03:37:34] [INFO] Dashboard data fetched successfully for user: alez123123
[2024-10-09 03:38:04] [INFO] Dashboard data fetched successfully for user: alez123123
[2024-10-09 03:38:04] [INFO] Dashboard data fetched successfully for user: alez123123
[2024-10-09 03:38:34] [INFO] Dashboard data fetched successfully for user: alez123123
[2024-10-09 03:38:34] [INFO] Dashboard data fetched successfully for user: alez123123
[2024-10-09 03:39:04] [INFO] Dashboard data fetched successfully for user: alez123123
[2024-10-09 03:39:04] [INFO] Dashboard data fetched successfully for user: alez123123
[2024-10-09 03:39:34] [INFO] Dashboard data fetched successfully for user: alez123123
[2024-10-09 03:39:34] [INFO] Dashboard data fetched successfully for user: alez123123
[2024-10-09 03:40:04] [INFO] Dashboard data fetched successfully for user: alez123123
[2024-10-09 03:40:04] [INFO] Dashboard data fetched successfully for user: alez123123
[2024-10-09 03:40:34] [INFO] Dashboard data fetched successfully for user: alez123123
[2024-10-09 03:40:34] [INFO] Dashboard data fetched successfully for user: alez123123
[2024-10-09 03:41:04] [INFO] Dashboard data fetched successfully for user: alez123123
[2024-10-09 03:41:04] [INFO] Dashboard data fetched successfully for user: alez123123
[2024-10-09 21:16:18] [WARNING] Unauthorized access attempt: No username
[2024-10-09 21:16:27] [INFO] Dashboard data fetched successfully for user: alez123123
[2024-10-09 21:16:27] [INFO] Dashboard data fetched successfully for user: alez123123
[2024-10-09 21:16:31] [INFO] Dashboard data fetched successfully for user: alez123123
[2024-10-09 21:16:31] [INFO] Dashboard data fetched successfully for user: alez123123
[2024-10-09 21:16:49] [INFO] Dashboard data fetched successfully for user: alez123123
[2024-10-13 16:06:19] [WARNING] Unauthorized access attempt: No username
[2024-10-13 16:06:49] [WARNING] Unauthorized access attempt: No username
[2024-10-13 16:07:19] [WARNING] Unauthorized access attempt: No username
[2024-10-13 18:33:58] [INFO] Dashboard data fetched successfully for user: alez123123
[2024-10-13 18:33:58] [INFO] Dashboard data fetched successfully for user: alez123123
[2024-10-13 18:34:10] [INFO] Dashboard data fetched successfully for user: alez123123
[2024-10-13 18:34:10] [INFO] Dashboard data fetched successfully for user: alez123123
[2024-10-13 18:34:13] [INFO] Dashboard data fetched successfully for user: alez123123
[2024-10-13 18:34:13] [INFO] Dashboard data fetched successfully for user: alez123123
[2024-10-13 18:34:29] [INFO] Dashboard data fetched successfully for user: alez123123
[2024-10-13 18:34:29] [INFO] Dashboard data fetched successfully for user: alez123123
[2024-10-13 18:34:40] [WARNING] Unauthorized access attempt: No username
[2024-10-13 18:51:49] [INFO] Dashboard data fetched successfully for user: alez123123
[2024-10-13 18:51:49] [INFO] Dashboard data fetched successfully for user: alez123123
[2024-10-13 18:52:40] [INFO] Dashboard data fetched successfully for user: alez123123
[2024-10-13 18:53:23] [INFO] Dashboard data fetched successfully for user: alez123123
[2024-10-13 18:53:23] [INFO] Dashboard data fetched successfully for user: alez123123
[2024-10-13 18:53:40] [INFO] Dashboard data fetched successfully for user: alez123123
[2024-10-13 18:53:54] [INFO] Dashboard data fetched successfully for user: alez123123
[2024-10-13 18:53:54] [INFO] Dashboard data fetched successfully for user: alez123123
[2024-10-13 18:54:24] [INFO] Dashboard data fetched successfully for user: alez123123
[2024-10-13 18:54:24] [INFO] Dashboard data fetched successfully for user: alez123123
[2024-10-13 18:54:40] [INFO] Dashboard data fetched successfully for user: alez123123
[2024-10-13 18:54:54] [INFO] Dashboard data fetched successfully for user: alez123123
[2024-10-13 18:54:54] [INFO] Dashboard data fetched successfully for user: alez123123
[2024-10-13 18:55:24] [INFO] Dashboard data fetched successfully for user: alez123123
[2024-10-13 18:55:24] [INFO] Dashboard data fetched successfully for user: alez123123
[2024-10-13 18:55:40] [INFO] Dashboard data fetched successfully for user: alez123123
[2024-10-13 18:55:54] [INFO] Dashboard data fetched successfully for user: alez123123
[2024-10-13 18:55:54] [INFO] Dashboard data fetched successfully for user: alez123123
[2024-10-13 18:56:40] [INFO] Dashboard data fetched successfully for user: alez123123
[2024-10-13 18:56:40] [INFO] Dashboard data fetched successfully for user: alez123123
[2024-10-13 18:56:40] [INFO] Dashboard data fetched successfully for user: alez123123
[2024-10-13 18:56:47] [INFO] Dashboard data fetched successfully for user: alez123123
[2024-10-13 18:56:47] [INFO] Dashboard data fetched successfully for user: alez123123
[2024-10-13 18:56:56] [INFO] Dashboard data fetched successfully for user: alez123123
[2024-10-13 18:56:57] [INFO] Dashboard data fetched successfully for user: alez123123
[2024-10-13 18:57:40] [INFO] Dashboard data fetched successfully for user: alez123123
[2024-10-13 18:58:40] [INFO] Dashboard data fetched successfully for user: alez123123
[2024-10-13 18:59:40] [INFO] Dashboard data fetched successfully for user: alez123123
[2024-10-13 19:00:40] [INFO] Dashboard data fetched successfully for user: alez123123
[2024-10-13 19:00:44] [INFO] Dashboard data fetched successfully for user: alez123123
[2024-10-13 19:00:44] [INFO] Dashboard data fetched successfully for user: alez123123
[2024-10-13 19:01:01] [INFO] Dashboard data fetched successfully for user: alez123123
[2024-10-13 19:01:02] [INFO] Dashboard data fetched successfully for user: alez123123
[2024-10-13 19:01:40] [INFO] Dashboard data fetched successfully for user: alez123123
[2024-10-13 19:02:40] [INFO] Dashboard data fetched successfully for user: alez123123
[2024-10-13 19:03:40] [INFO] Dashboard data fetched successfully for user: alez123123
[2024-10-13 19:04:40] [INFO] Dashboard data fetched successfully for user: alez123123
[2024-10-13 19:05:40] [INFO] Dashboard data fetched successfully for user: alez123123
[2024-10-13 19:06:40] [INFO] Dashboard data fetched successfully for user: alez123123
[2024-10-13 19:07:40] [INFO] Dashboard data fetched successfully for user: alez123123
[2024-10-13 19:08:40] [INFO] Dashboard data fetched successfully for user: alez123123
[2024-10-13 19:09:40] [INFO] Dashboard data fetched successfully for user: alez123123
[2024-10-13 19:10:32] [INFO] Dashboard data fetched successfully for user: alez123123
[2024-10-13 19:10:32] [INFO] Dashboard data fetched successfully for user: alez123123
[2024-10-13 19:10:40] [INFO] Dashboard data fetched successfully for user: alez123123
[2024-10-13 19:11:02] [INFO] Dashboard data fetched successfully for user: alez123123
[2024-10-13 19:11:02] [INFO] Dashboard data fetched successfully for user: alez123123
[2024-10-13 19:11:32] [INFO] Dashboard data fetched successfully for user: alez123123
[2024-10-13 19:11:32] [INFO] Dashboard data fetched successfully for user: alez123123
[2024-10-13 19:11:40] [INFO] Dashboard data fetched successfully for user: alez123123
[2024-10-13 19:12:02] [INFO] Dashboard data fetched successfully for user: alez123123
[2024-10-13 19:12:02] [INFO] Dashboard data fetched successfully for user: alez123123
[2024-10-17 15:42:32] [INFO] Dashboard data fetched successfully for user: alez123123
[2024-10-17 15:42:40] [INFO] Dashboard data fetched successfully for user: alez123123
[2024-10-20 01:00:14] [INFO] Dashboard data fetched successfully for user: alez123123
[2024-10-20 01:00:16] [INFO] Dashboard data fetched successfully for user: alez123123
[2024-10-20 01:00:46] [INFO] Dashboard data fetched successfully for user: alez123123
[2024-10-20 01:00:46] [INFO] Dashboard data fetched successfully for user: alez123123
[2024-10-20 01:01:16] [INFO] Dashboard data fetched successfully for user: alez123123
[2024-10-20 01:01:30] [INFO] Dashboard data fetched successfully for user: alez123123
[2024-10-23 19:54:11] [INFO] Dashboard data fetched successfully for user: alez123123
[2024-10-23 19:54:42] [INFO] Dashboard data fetched successfully for user: alez123123
[2024-10-23 19:55:11] [INFO] Dashboard data fetched successfully for user: alez123123
[2024-10-23 19:55:41] [INFO] Dashboard data fetched successfully for user: alez123123
[2024-10-23 19:56:12] [INFO] Dashboard data fetched successfully for user: alez123123
[2024-10-23 19:56:42] [INFO] Dashboard data fetched successfully for user: alez123123
[2024-10-23 19:57:12] [INFO] Dashboard data fetched successfully for user: alez123123
[2024-10-23 19:57:42] [INFO] Dashboard data fetched successfully for user: alez123123
[2024-10-23 19:58:12] [INFO] Dashboard data fetched successfully for user: alez123123
[2024-10-23 19:58:42] [INFO] Dashboard data fetched successfully for user: alez123123
[2024-10-23 19:59:12] [INFO] Dashboard data fetched successfully for user: alez123123
[2024-10-23 19:59:42] [INFO] Dashboard data fetched successfully for user: alez123123
[2024-10-23 20:00:12] [INFO] Dashboard data fetched successfully for user: alez123123
[2024-10-23 20:00:42] [INFO] Dashboard data fetched successfully for user: alez123123
[2024-10-23 20:01:13] [INFO] Dashboard data fetched successfully for user: alez123123
[2024-10-23 20:01:43] [INFO] Dashboard data fetched successfully for user: alez123123
[2024-10-23 20:02:13] [INFO] Dashboard data fetched successfully for user: alez123123
[2024-10-23 20:02:43] [INFO] Dashboard data fetched successfully for user: alez123123
[2024-10-23 20:03:13] [INFO] Dashboard data fetched successfully for user: alez123123
[2024-10-23 20:03:43] [INFO] Dashboard data fetched successfully for user: alez123123
[2024-10-23 20:04:13] [INFO] Dashboard data fetched successfully for user: alez123123
[2024-10-23 20:04:43] [INFO] Dashboard data fetched successfully for user: alez123123
[2024-10-23 20:05:13] [INFO] Dashboard data fetched successfully for user: alez123123
[2024-10-23 20:05:43] [INFO] Dashboard data fetched successfully for user: alez123123
[2024-10-23 20:06:14] [INFO] Dashboard data fetched successfully for user: alez123123
[2024-10-23 20:06:44] [INFO] Dashboard data fetched successfully for user: alez123123
[2024-10-23 20:07:14] [INFO] Dashboard data fetched successfully for user: alez123123
[2024-10-23 20:07:44] [INFO] Dashboard data fetched successfully for user: alez123123
[2024-10-23 20:08:14] [INFO] Dashboard data fetched successfully for user: alez123123
[2024-10-23 20:08:44] [INFO] Dashboard data fetched successfully for user: alez123123
[2024-10-23 20:09:14] [INFO] Dashboard data fetched successfully for user: alez123123
[2024-10-23 20:09:44] [INFO] Dashboard data fetched successfully for user: alez123123
[2024-10-23 20:10:15] [INFO] Dashboard data fetched successfully for user: alez123123
[2024-10-23 20:10:45] [INFO] Dashboard data fetched successfully for user: alez123123
[2024-10-23 20:11:15] [INFO] Dashboard data fetched successfully for user: alez123123
[2024-10-23 20:11:45] [INFO] Dashboard data fetched successfully for user: alez123123
[2024-10-23 20:12:15] [INFO] Dashboard data fetched successfully for user: alez123123
[2024-10-23 20:12:45] [INFO] Dashboard data fetched successfully for user: alez123123
[2024-10-23 20:13:15] [INFO] Dashboard data fetched successfully for user: alez123123
[2024-10-23 20:13:45] [INFO] Dashboard data fetched successfully for user: alez123123
[2024-10-23 20:14:15] [INFO] Dashboard data fetched successfully for user: alez123123
[2024-10-23 20:14:45] [INFO] Dashboard data fetched successfully for user: alez123123
[2024-10-23 20:15:15] [INFO] Dashboard data fetched successfully for user: alez123123
[2024-10-23 20:15:45] [INFO] Dashboard data fetched successfully for user: alez123123
[2024-10-23 20:16:15] [INFO] Dashboard data fetched successfully for user: alez123123
[2024-10-23 20:16:45] [INFO] Dashboard data fetched successfully for user: alez123123
[2024-10-23 20:17:16] [INFO] Dashboard data fetched successfully for user: alez123123
[2024-10-23 20:17:46] [INFO] Dashboard data fetched successfully for user: alez123123
[2024-10-23 20:18:16] [INFO] Dashboard data fetched successfully for user: alez123123
[2024-10-23 20:18:46] [INFO] Dashboard data fetched successfully for user: alez123123
[2024-10-23 20:19:16] [INFO] Dashboard data fetched successfully for user: alez123123
[2024-10-23 20:19:46] [INFO] Dashboard data fetched successfully for user: alez123123
[2024-10-23 20:20:16] [INFO] Dashboard data fetched successfully for user: alez123123
[2024-10-23 20:20:47] [INFO] Dashboard data fetched successfully for user: alez123123
[2024-10-23 20:21:17] [INFO] Dashboard data fetched successfully for user: alez123123
[2024-10-23 20:21:47] [INFO] Dashboard data fetched successfully for user: alez123123
[2024-10-23 20:22:17] [INFO] Dashboard data fetched successfully for user: alez123123
[2024-10-23 20:22:47] [INFO] Dashboard data fetched successfully for user: alez123123
[2024-10-23 20:23:17] [INFO] Dashboard data fetched successfully for user: alez123123
[2024-10-23 20:23:47] [INFO] Dashboard data fetched successfully for user: alez123123
[2024-10-23 20:24:17] [INFO] Dashboard data fetched successfully for user: alez123123
[2024-10-23 20:24:47] [INFO] Dashboard data fetched successfully for user: alez123123
[2024-10-23 20:25:17] [INFO] Dashboard data fetched successfully for user: alez123123
[2024-10-23 20:25:47] [INFO] Dashboard data fetched successfully for user: alez123123
[2024-10-23 20:26:17] [INFO] Dashboard data fetched successfully for user: alez123123
[2024-10-23 20:26:48] [INFO] Dashboard data fetched successfully for user: alez123123
[2024-10-23 20:27:18] [INFO] Dashboard data fetched successfully for user: alez123123
[2024-10-23 20:27:48] [INFO] Dashboard data fetched successfully for user: alez123123
[2024-10-23 20:28:18] [INFO] Dashboard data fetched successfully for user: alez123123
[2024-10-23 20:28:48] [INFO] Dashboard data fetched successfully for user: alez123123
[2024-10-23 20:29:18] [INFO] Dashboard data fetched successfully for user: alez123123
[2024-10-23 20:29:48] [INFO] Dashboard data fetched successfully for user: alez123123
[2024-10-23 20:30:18] [INFO] Dashboard data fetched successfully for user: alez123123
[2024-10-23 20:30:49] [INFO] Dashboard data fetched successfully for user: alez123123
[2024-10-23 20:31:19] [INFO] Dashboard data fetched successfully for user: alez123123
[2024-10-23 20:31:49] [INFO] Dashboard data fetched successfully for user: alez123123
[2024-10-23 20:32:19] [INFO] Dashboard data fetched successfully for user: alez123123
[2024-10-23 20:32:49] [INFO] Dashboard data fetched successfully for user: alez123123
[2024-10-23 20:33:19] [INFO] Dashboard data fetched successfully for user: alez123123
[2024-10-23 20:33:49] [INFO] Dashboard data fetched successfully for user: alez123123
[2024-10-23 20:34:20] [INFO] Dashboard data fetched successfully for user: alez123123
[2024-10-23 20:34:50] [INFO] Dashboard data fetched successfully for user: alez123123
[2024-10-23 20:35:20] [INFO] Dashboard data fetched successfully for user: alez123123
[2024-10-23 20:35:50] [INFO] Dashboard data fetched successfully for user: alez123123
[2024-10-23 20:36:20] [INFO] Dashboard data fetched successfully for user: alez123123
[2024-10-23 20:36:50] [INFO] Dashboard data fetched successfully for user: alez123123
[2024-10-23 20:37:20] [INFO] Dashboard data fetched successfully for user: alez123123
[2024-10-23 20:37:51] [INFO] Dashboard data fetched successfully for user: alez123123
[2024-10-23 20:38:21] [INFO] Dashboard data fetched successfully for user: alez123123
[2024-10-23 20:38:51] [INFO] Dashboard data fetched successfully for user: alez123123
[2024-10-23 20:39:21] [INFO] Dashboard data fetched successfully for user: alez123123
[2024-10-23 20:39:51] [INFO] Dashboard data fetched successfully for user: alez123123
[2024-10-23 20:40:21] [INFO] Dashboard data fetched successfully for user: alez123123
[2024-10-23 20:40:51] [INFO] Dashboard data fetched successfully for user: alez123123
[2024-10-23 20:41:21] [INFO] Dashboard data fetched successfully for user: alez123123
[2024-10-23 20:41:52] [INFO] Dashboard data fetched successfully for user: alez123123
[2024-10-23 20:42:22] [INFO] Dashboard data fetched successfully for user: alez123123
[2024-10-23 20:42:52] [INFO] Dashboard data fetched successfully for user: alez123123
[2024-10-23 20:43:22] [INFO] Dashboard data fetched successfully for user: alez123123
[2024-10-23 20:43:52] [INFO] Dashboard data fetched successfully for user: alez123123
[2024-10-23 20:44:22] [INFO] Dashboard data fetched successfully for user: alez123123
[2024-10-23 20:44:52] [INFO] Dashboard data fetched successfully for user: alez123123
[2024-10-23 20:45:23] [INFO] Dashboard data fetched successfully for user: alez123123
[2024-10-23 20:45:53] [INFO] Dashboard data fetched successfully for user: alez123123
[2024-10-23 20:46:23] [INFO] Dashboard data fetched successfully for user: alez123123
[2024-10-23 20:46:53] [INFO] Dashboard data fetched successfully for user: alez123123
[2024-10-23 20:47:23] [INFO] Dashboard data fetched successfully for user: alez123123
[2024-10-23 20:47:54] [INFO] Dashboard data fetched successfully for user: alez123123
[2024-10-23 20:48:23] [INFO] Dashboard data fetched successfully for user: alez123123
[2024-10-23 20:48:54] [INFO] Dashboard data fetched successfully for user: alez123123
[2024-10-23 20:49:24] [INFO] Dashboard data fetched successfully for user: alez123123
[2024-10-23 20:49:54] [INFO] Dashboard data fetched successfully for user: alez123123
[2024-10-23 20:50:24] [INFO] Dashboard data fetched successfully for user: alez123123
[2024-10-23 20:50:54] [INFO] Dashboard data fetched successfully for user: alez123123
[2024-10-23 20:51:24] [INFO] Dashboard data fetched successfully for user: alez123123
[2024-10-23 20:51:54] [INFO] Dashboard data fetched successfully for user: alez123123
[2024-10-23 20:52:25] [INFO] Dashboard data fetched successfully for user: alez123123
[2024-10-23 20:52:55] [INFO] Dashboard data fetched successfully for user: alez123123
[2024-10-23 20:53:25] [INFO] Dashboard data fetched successfully for user: alez123123
[2024-10-23 20:53:55] [INFO] Dashboard data fetched successfully for user: alez123123
[2024-10-23 20:54:25] [INFO] Dashboard data fetched successfully for user: alez123123
[2024-10-23 20:54:56] [INFO] Dashboard data fetched successfully for user: alez123123
[2024-10-23 20:55:26] [INFO] Dashboard data fetched successfully for user: alez123123
[2024-10-23 20:55:56] [INFO] Dashboard data fetched successfully for user: alez123123
[2024-10-23 20:56:26] [INFO] Dashboard data fetched successfully for user: alez123123
[2024-10-23 20:56:56] [INFO] Dashboard data fetched successfully for user: alez123123
[2024-10-23 20:57:26] [INFO] Dashboard data fetched successfully for user: alez123123
[2024-10-23 20:57:56] [INFO] Dashboard data fetched successfully for user: alez123123
[2024-10-23 20:58:26] [INFO] Dashboard data fetched successfully for user: alez123123
[2024-10-23 20:58:56] [INFO] Dashboard data fetched successfully for user: alez123123
[2024-10-23 20:59:26] [INFO] Dashboard data fetched successfully for user: alez123123
[2024-10-23 20:59:56] [INFO] Dashboard data fetched successfully for user: alez123123
[2024-10-23 21:00:26] [INFO] Dashboard data fetched successfully for user: alez123123
[2024-10-23 21:00:57] [INFO] Dashboard data fetched successfully for user: alez123123
[2024-10-23 21:01:27] [INFO] Dashboard data fetched successfully for user: alez123123
[2024-10-23 21:01:57] [INFO] Dashboard data fetched successfully for user: alez123123
[2024-10-23 21:02:27] [INFO] Dashboard data fetched successfully for user: alez123123
[2024-10-23 21:02:57] [INFO] Dashboard data fetched successfully for user: alez123123
[2024-10-23 21:03:27] [INFO] Dashboard data fetched successfully for user: alez123123
[2024-10-23 21:03:57] [INFO] Dashboard data fetched successfully for user: alez123123
[2024-10-23 21:04:27] [INFO] Dashboard data fetched successfully for user: alez123123
[2024-10-23 21:04:57] [INFO] Dashboard data fetched successfully for user: alez123123
[2024-10-23 21:05:28] [INFO] Dashboard data fetched successfully for user: alez123123
[2024-10-23 21:05:58] [INFO] Dashboard data fetched successfully for user: alez123123
[2024-10-23 21:06:28] [INFO] Dashboard data fetched successfully for user: alez123123
[2024-10-23 21:06:58] [INFO] Dashboard data fetched successfully for user: alez123123
[2024-10-23 21:07:28] [INFO] Dashboard data fetched successfully for user: alez123123
[2024-10-23 21:07:59] [INFO] Dashboard data fetched successfully for user: alez123123
[2024-10-23 21:08:29] [INFO] Dashboard data fetched successfully for user: alez123123
[2024-10-23 21:08:59] [INFO] Dashboard data fetched successfully for user: alez123123
[2024-10-23 21:09:29] [INFO] Dashboard data fetched successfully for user: alez123123
[2024-10-23 21:09:59] [INFO] Dashboard data fetched successfully for user: alez123123
[2024-10-23 21:10:29] [INFO] Dashboard data fetched successfully for user: alez123123
[2024-10-23 21:10:59] [INFO] Dashboard data fetched successfully for user: alez123123
[2024-10-23 21:11:29] [INFO] Dashboard data fetched successfully for user: alez123123
[2024-10-23 21:12:00] [INFO] Dashboard data fetched successfully for user: alez123123
[2024-10-23 21:12:30] [INFO] Dashboard data fetched successfully for user: alez123123
[2024-10-23 21:13:00] [INFO] Dashboard data fetched successfully for user: alez123123
[2024-10-23 21:13:30] [INFO] Dashboard data fetched successfully for user: alez123123
[2024-10-23 21:14:00] [INFO] Dashboard data fetched successfully for user: alez123123
[2024-10-23 21:14:30] [INFO] Dashboard data fetched successfully for user: alez123123
[2024-10-23 21:15:00] [INFO] Dashboard data fetched successfully for user: alez123123
[2024-10-23 21:15:30] [INFO] Dashboard data fetched successfully for user: alez123123
[2024-10-23 21:16:00] [INFO] Dashboard data fetched successfully for user: alez123123
[2024-10-23 21:16:31] [INFO] Dashboard data fetched successfully for user: alez123123
[2024-10-23 21:17:00] [INFO] Dashboard data fetched successfully for user: alez123123
[2024-10-23 21:17:30] [INFO] Dashboard data fetched successfully for user: alez123123
[2024-10-23 21:18:01] [INFO] Dashboard data fetched successfully for user: alez123123
[2024-10-23 21:18:31] [INFO] Dashboard data fetched successfully for user: alez123123
[2024-10-23 21:19:01] [INFO] Dashboard data fetched successfully for user: alez123123
[2024-10-23 21:19:31] [INFO] Dashboard data fetched successfully for user: alez123123
[2024-10-23 21:20:01] [INFO] Dashboard data fetched successfully for user: alez123123
[2024-10-23 21:20:31] [INFO] Dashboard data fetched successfully for user: alez123123
[2024-10-23 21:21:01] [INFO] Dashboard data fetched successfully for user: alez123123
[2024-10-23 21:21:32] [INFO] Dashboard data fetched successfully for user: alez123123
[2024-10-23 21:22:02] [INFO] Dashboard data fetched successfully for user: alez123123
[2024-10-23 21:22:32] [INFO] Dashboard data fetched successfully for user: alez123123
[2024-10-23 21:23:02] [INFO] Dashboard data fetched successfully for user: alez123123
[2024-10-23 21:23:32] [INFO] Dashboard data fetched successfully for user: alez123123
[2024-10-23 21:24:02] [INFO] Dashboard data fetched successfully for user: alez123123
[2024-10-23 21:24:32] [INFO] Dashboard data fetched successfully for user: alez123123
[2024-10-23 21:25:02] [INFO] Dashboard data fetched successfully for user: alez123123
[2024-10-23 21:25:32] [INFO] Dashboard data fetched successfully for user: alez123123
[2024-10-23 21:26:02] [INFO] Dashboard data fetched successfully for user: alez123123
[2024-10-23 21:26:33] [INFO] Dashboard data fetched successfully for user: alez123123
[2024-10-23 21:27:03] [INFO] Dashboard data fetched successfully for user: alez123123
[2024-10-23 21:27:33] [INFO] Dashboard data fetched successfully for user: alez123123
[2024-10-23 21:28:03] [INFO] Dashboard data fetched successfully for user: alez123123
[2024-10-23 21:28:33] [INFO] Dashboard data fetched successfully for user: alez123123
[2024-10-23 21:29:03] [INFO] Dashboard data fetched successfully for user: alez123123
[2024-10-23 21:29:33] [INFO] Dashboard data fetched successfully for user: alez123123
[2024-10-23 21:30:04] [INFO] Dashboard data fetched successfully for user: alez123123
[2024-10-23 21:30:34] [INFO] Dashboard data fetched successfully for user: alez123123
[2024-10-23 21:31:04] [INFO] Dashboard data fetched successfully for user: alez123123
[2024-10-23 21:31:34] [INFO] Dashboard data fetched successfully for user: alez123123
[2024-10-23 21:32:04] [INFO] Dashboard data fetched successfully for user: alez123123
[2024-10-23 21:32:35] [INFO] Dashboard data fetched successfully for user: alez123123
[2024-10-23 21:33:04] [INFO] Dashboard data fetched successfully for user: alez123123
[2024-10-23 21:33:35] [INFO] Dashboard data fetched successfully for user: alez123123
[2024-10-23 21:34:05] [INFO] Dashboard data fetched successfully for user: alez123123
[2024-10-23 21:34:35] [INFO] Dashboard data fetched successfully for user: alez123123
[2024-10-23 21:35:05] [INFO] Dashboard data fetched successfully for user: alez123123
[2024-10-23 21:35:35] [INFO] Dashboard data fetched successfully for user: alez123123
[2024-10-23 21:36:05] [INFO] Dashboard data fetched successfully for user: alez123123
[2024-10-23 21:36:35] [INFO] Dashboard data fetched successfully for user: alez123123
[2024-10-23 21:37:05] [INFO] Dashboard data fetched successfully for user: alez123123
[2024-10-23 21:37:35] [INFO] Dashboard data fetched successfully for user: alez123123
[2024-10-23 21:38:05] [INFO] Dashboard data fetched successfully for user: alez123123
[2024-10-23 21:38:36] [INFO] Dashboard data fetched successfully for user: alez123123
[2024-10-23 21:39:06] [INFO] Dashboard data fetched successfully for user: alez123123
[2024-10-23 21:39:36] [INFO] Dashboard data fetched successfully for user: alez123123
[2024-10-23 21:40:06] [INFO] Dashboard data fetched successfully for user: alez123123
[2024-10-23 21:40:36] [INFO] Dashboard data fetched successfully for user: alez123123
[2024-10-23 21:41:06] [INFO] Dashboard data fetched successfully for user: alez123123
[2024-10-23 21:41:36] [INFO] Dashboard data fetched successfully for user: alez123123
[2024-10-23 21:42:06] [INFO] Dashboard data fetched successfully for user: alez123123
[2024-10-23 21:42:36] [INFO] Dashboard data fetched successfully for user: alez123123
[2024-10-23 21:43:06] [INFO] Dashboard data fetched successfully for user: alez123123
[2024-10-23 21:43:36] [INFO] Dashboard data fetched successfully for user: alez123123
[2024-10-23 21:44:07] [INFO] Dashboard data fetched successfully for user: alez123123
[2024-10-23 21:44:37] [INFO] Dashboard data fetched successfully for user: alez123123
[2024-10-23 21:45:07] [INFO] Dashboard data fetched successfully for user: alez123123
[2024-10-23 21:45:37] [INFO] Dashboard data fetched successfully for user: alez123123
[2024-10-23 21:46:07] [INFO] Dashboard data fetched successfully for user: alez123123
[2024-10-23 21:46:37] [INFO] Dashboard data fetched successfully for user: alez123123
[2024-10-23 21:47:07] [INFO] Dashboard data fetched successfully for user: alez123123
[2024-10-23 21:47:38] [INFO] Dashboard data fetched successfully for user: alez123123
[2024-10-23 21:48:08] [INFO] Dashboard data fetched successfully for user: alez123123
[2024-10-23 21:48:38] [INFO] Dashboard data fetched successfully for user: alez123123
[2024-10-23 21:49:08] [INFO] Dashboard data fetched successfully for user: alez123123
[2024-10-23 21:49:38] [INFO] Dashboard data fetched successfully for user: alez123123
[2024-10-23 21:50:08] [INFO] Dashboard data fetched successfully for user: alez123123
[2024-10-23 21:50:38] [INFO] Dashboard data fetched successfully for user: alez123123
[2024-10-23 21:51:09] [INFO] Dashboard data fetched successfully for user: alez123123
[2024-10-23 21:51:39] [INFO] Dashboard data fetched successfully for user: alez123123
[2024-10-23 21:52:09] [INFO] Dashboard data fetched successfully for user: alez123123
[2024-10-23 21:52:39] [INFO] Dashboard data fetched successfully for user: alez123123
[2024-10-23 21:53:09] [INFO] Dashboard data fetched successfully for user: alez123123
[2024-10-23 21:53:39] [INFO] Dashboard data fetched successfully for user: alez123123
[2024-10-23 21:54:09] [INFO] Dashboard data fetched successfully for user: alez123123
[2024-10-23 21:54:39] [INFO] Dashboard data fetched successfully for user: alez123123
[2024-10-23 21:55:09] [INFO] Dashboard data fetched successfully for user: alez123123
[2024-10-23 21:55:40] [INFO] Dashboard data fetched successfully for user: alez123123
[2024-10-23 21:56:10] [INFO] Dashboard data fetched successfully for user: alez123123
[2024-10-23 21:56:40] [INFO] Dashboard data fetched successfully for user: alez123123
[2024-10-23 21:57:10] [INFO] Dashboard data fetched successfully for user: alez123123
[2024-10-23 21:57:40] [INFO] Dashboard data fetched successfully for user: alez123123
[2024-10-23 21:58:11] [INFO] Dashboard data fetched successfully for user: alez123123
[2024-10-23 21:58:41] [INFO] Dashboard data fetched successfully for user: alez123123
[2024-10-23 21:59:11] [INFO] Dashboard data fetched successfully for user: alez123123
[2024-10-23 21:59:41] [INFO] Dashboard data fetched successfully for user: alez123123
[2024-10-23 22:00:11] [INFO] Dashboard data fetched successfully for user: alez123123
[2024-10-23 22:00:41] [INFO] Dashboard data fetched successfully for user: alez123123
[2024-10-23 22:01:11] [INFO] Dashboard data fetched successfully for user: alez123123
[2024-10-23 22:01:41] [INFO] Dashboard data fetched successfully for user: alez123123
[2024-10-23 22:02:11] [INFO] Dashboard data fetched successfully for user: alez123123
[2024-10-23 22:02:42] [INFO] Dashboard data fetched successfully for user: alez123123
[2024-10-23 22:03:12] [INFO] Dashboard data fetched successfully for user: alez123123
[2024-10-23 22:03:42] [INFO] Dashboard data fetched successfully for user: alez123123
[2024-10-23 22:04:12] [INFO] Dashboard data fetched successfully for user: alez123123
[2024-10-23 22:04:42] [INFO] Dashboard data fetched successfully for user: alez123123
[2024-10-23 22:05:12] [INFO] Dashboard data fetched successfully for user: alez123123
[2024-10-23 22:05:43] [INFO] Dashboard data fetched successfully for user: alez123123
[2024-10-23 22:06:13] [INFO] Dashboard data fetched successfully for user: alez123123
[2024-10-23 22:06:43] [INFO] Dashboard data fetched successfully for user: alez123123
[2024-10-23 22:07:13] [INFO] Dashboard data fetched successfully for user: alez123123
[2024-10-23 22:07:43] [INFO] Dashboard data fetched successfully for user: alez123123
[2024-10-23 22:08:13] [INFO] Dashboard data fetched successfully for user: alez123123
[2024-10-23 22:08:43] [INFO] Dashboard data fetched successfully for user: alez123123
[2024-10-23 22:09:13] [INFO] Dashboard data fetched successfully for user: alez123123
[2024-10-23 22:09:44] [INFO] Dashboard data fetched successfully for user: alez123123
[2024-10-23 22:10:14] [INFO] Dashboard data fetched successfully for user: alez123123
[2024-10-23 22:10:44] [INFO] Dashboard data fetched successfully for user: alez123123
[2024-10-23 22:11:14] [INFO] Dashboard data fetched successfully for user: alez123123
[2024-10-23 22:11:44] [INFO] Dashboard data fetched successfully for user: alez123123
[2024-10-23 22:12:14] [INFO] Dashboard data fetched successfully for user: alez123123
[2024-10-23 22:12:45] [INFO] Dashboard data fetched successfully for user: alez123123
[2024-10-23 22:13:15] [INFO] Dashboard data fetched successfully for user: alez123123
[2024-10-23 22:13:45] [INFO] Dashboard data fetched successfully for user: alez123123
[2024-10-23 22:14:15] [INFO] Dashboard data fetched successfully for user: alez123123
[2024-10-23 22:14:45] [INFO] Dashboard data fetched successfully for user: alez123123
[2024-10-23 22:15:16] [INFO] Dashboard data fetched successfully for user: alez123123
[2024-10-23 22:15:46] [INFO] Dashboard data fetched successfully for user: alez123123
[2024-10-23 22:16:16] [INFO] Dashboard data fetched successfully for user: alez123123
[2024-10-23 22:16:46] [INFO] Dashboard data fetched successfully for user: alez123123
[2024-10-23 22:17:16] [INFO] Dashboard data fetched successfully for user: alez123123
[2024-10-23 22:17:46] [INFO] Dashboard data fetched successfully for user: alez123123
[2024-10-23 22:18:16] [INFO] Dashboard data fetched successfully for user: alez123123
[2024-10-23 22:18:46] [INFO] Dashboard data fetched successfully for user: alez123123
[2024-10-23 22:19:16] [INFO] Dashboard data fetched successfully for user: alez123123
[2024-10-23 22:19:46] [INFO] Dashboard data fetched successfully for user: alez123123
[2024-10-23 22:20:16] [INFO] Dashboard data fetched successfully for user: alez123123
[2024-10-23 22:20:46] [INFO] Dashboard data fetched successfully for user: alez123123
[2024-10-23 22:21:16] [INFO] Dashboard data fetched successfully for user: alez123123
[2024-10-23 22:21:46] [INFO] Dashboard data fetched successfully for user: alez123123
[2024-10-23 22:22:17] [INFO] Dashboard data fetched successfully for user: alez123123
[2024-10-23 22:22:47] [INFO] Dashboard data fetched successfully for user: alez123123
[2024-10-23 22:23:17] [INFO] Dashboard data fetched successfully for user: alez123123
[2024-10-23 22:23:47] [INFO] Dashboard data fetched successfully for user: alez123123
[2024-10-23 22:24:17] [INFO] Dashboard data fetched successfully for user: alez123123
[2024-10-23 22:24:48] [INFO] Dashboard data fetched successfully for user: alez123123
[2024-10-23 22:25:18] [INFO] Dashboard data fetched successfully for user: alez123123
[2024-10-23 22:25:48] [INFO] Dashboard data fetched successfully for user: alez123123
[2024-10-23 22:26:18] [INFO] Dashboard data fetched successfully for user: alez123123
[2024-10-23 22:26:48] [INFO] Dashboard data fetched successfully for user: alez123123
[2024-10-23 22:27:18] [INFO] Dashboard data fetched successfully for user: alez123123
[2024-10-23 22:27:48] [INFO] Dashboard data fetched successfully for user: alez123123
[2024-10-23 22:28:19] [INFO] Dashboard data fetched successfully for user: alez123123
[2024-10-23 22:28:49] [INFO] Dashboard data fetched successfully for user: alez123123
[2024-10-23 22:29:19] [INFO] Dashboard data fetched successfully for user: alez123123
[2024-10-23 22:29:49] [INFO] Dashboard data fetched successfully for user: alez123123
[2024-10-23 22:30:19] [INFO] Dashboard data fetched successfully for user: alez123123
[2024-10-23 22:30:49] [INFO] Dashboard data fetched successfully for user: alez123123
[2024-10-23 22:31:19] [INFO] Dashboard data fetched successfully for user: alez123123
[2024-10-23 22:31:49] [INFO] Dashboard data fetched successfully for user: alez123123
[2024-10-23 22:32:20] [INFO] Dashboard data fetched successfully for user: alez123123
[2024-10-23 22:32:50] [INFO] Dashboard data fetched successfully for user: alez123123
[2024-10-23 22:33:20] [INFO] Dashboard data fetched successfully for user: alez123123
[2024-10-23 22:33:50] [INFO] Dashboard data fetched successfully for user: alez123123
[2024-10-23 22:34:20] [INFO] Dashboard data fetched successfully for user: alez123123
[2024-10-23 22:34:50] [INFO] Dashboard data fetched successfully for user: alez123123
[2024-10-23 22:35:21] [INFO] Dashboard data fetched successfully for user: alez123123
[2024-10-23 22:35:51] [INFO] Dashboard data fetched successfully for user: alez123123
[2024-10-23 22:36:21] [INFO] Dashboard data fetched successfully for user: alez123123
[2024-10-23 22:36:51] [INFO] Dashboard data fetched successfully for user: alez123123
[2024-10-23 22:37:21] [INFO] Dashboard data fetched successfully for user: alez123123
[2024-10-23 22:37:51] [INFO] Dashboard data fetched successfully for user: alez123123
[2024-10-23 22:38:21] [INFO] Dashboard data fetched successfully for user: alez123123
[2024-10-23 22:38:51] [INFO] Dashboard data fetched successfully for user: alez123123
[2024-10-23 22:39:21] [INFO] Dashboard data fetched successfully for user: alez123123
[2024-10-23 22:39:51] [INFO] Dashboard data fetched successfully for user: alez123123
[2024-10-23 22:40:22] [INFO] Dashboard data fetched successfully for user: alez123123
[2024-10-23 22:40:52] [INFO] Dashboard data fetched successfully for user: alez123123
[2024-10-23 22:41:22] [INFO] Dashboard data fetched successfully for user: alez123123
[2024-10-23 22:41:52] [INFO] Dashboard data fetched successfully for user: alez123123
[2024-10-23 22:42:22] [INFO] Dashboard data fetched successfully for user: alez123123
[2024-10-23 22:42:52] [INFO] Dashboard data fetched successfully for user: alez123123
[2024-10-23 22:43:23] [INFO] Dashboard data fetched successfully for user: alez123123
[2024-10-23 22:43:53] [INFO] Dashboard data fetched successfully for user: alez123123
[2024-10-23 22:44:23] [INFO] Dashboard data fetched successfully for user: alez123123
[2024-10-23 22:44:53] [INFO] Dashboard data fetched successfully for user: alez123123
[2024-10-23 22:45:23] [INFO] Dashboard data fetched successfully for user: alez123123
[2024-10-23 22:45:53] [INFO] Dashboard data fetched successfully for user: alez123123
[2024-10-23 22:46:23] [INFO] Dashboard data fetched successfully for user: alez123123
[2024-10-23 22:46:53] [INFO] Dashboard data fetched successfully for user: alez123123
[2024-10-23 22:47:23] [INFO] Dashboard data fetched successfully for user: alez123123
[2024-10-23 22:47:53] [INFO] Dashboard data fetched successfully for user: alez123123
[2024-10-23 22:48:24] [INFO] Dashboard data fetched successfully for user: alez123123
[2024-10-23 22:48:54] [INFO] Dashboard data fetched successfully for user: alez123123
[2024-10-23 22:49:24] [INFO] Dashboard data fetched successfully for user: alez123123
[2024-10-23 22:49:54] [INFO] Dashboard data fetched successfully for user: alez123123
[2024-10-23 22:50:24] [INFO] Dashboard data fetched successfully for user: alez123123
[2024-10-23 22:50:54] [INFO] Dashboard data fetched successfully for user: alez123123
[2024-10-23 22:51:24] [INFO] Dashboard data fetched successfully for user: alez123123
[2024-10-23 22:51:54] [INFO] Dashboard data fetched successfully for user: alez123123
[2024-10-23 22:52:24] [INFO] Dashboard data fetched successfully for user: alez123123
[2024-10-23 22:52:54] [INFO] Dashboard data fetched successfully for user: alez123123
[2024-10-17 23:21:12] [INFO] Dashboard data fetched successfully for user: alez123123
[2024-10-17 23:21:17] [INFO] Dashboard data fetched successfully for user: alez123123
[2024-10-17 23:21:43] [ERROR] Unauthorized access attempt: No username
[2024-10-17 23:24:44] [ERROR] Unauthorized access attempt: No username
[2024-10-17 23:24:47] [INFO] Dashboard data fetched successfully for user: alez123123
